Flutter crash report; please file at https://github.com/flutter/flutter/issues.

## command

flutter run

## exception

ProcessException: ProcessException: Process "/usr/bin/xcrun" exited abnormally:
An error was encountered processing the command (domain=NSPOSIXErrorDomain, code=22):
Failed to install the requested application
The application's Info.plist does not contain CFBundleVersion.
Ensure your bundle contains a CFBundleVersion.
  Command: /usr/bin/xcrun simctl install 5A635CBF-3BC8-4BB5-9C2A-3D627C2D5B05 /Users/karthick/Desktop/FlutterExcersise/photos-sharing-master/build/ios/iphonesimulator/Runner.app

```
#0      runCheckedAsync (package:flutter_tools/src/base/process.dart:255:5)
<asynchronous suspension>
#1      SimControl.install (package:flutter_tools/src/ios/simulators.dart:125:16)
#2      IOSSimulator._setupUpdatedApplicationBundle (package:flutter_tools/src/ios/simulators.dart:400:31)
<asynchronous suspension>
#3      IOSSimulator.startApp (package:flutter_tools/src/ios/simulators.dart:307:15)
<asynchronous suspension>
#4      FlutterDevice.runHot (package:flutter_tools/src/resident_runner.dart:364:54)
#5      _asyncThenWrapperHelper.<anonymous closure> (dart:async-patch/async_patch.dart:77:64)
#6      _rootRunUnary (dart:async/zone.dart:1132:38)
#7      _CustomZone.runUnary (dart:async/zone.dart:1029:19)
#8      _FutureListener.handleValue (dart:async/future_impl.dart:126:18)
#9      Future._propagateToListeners.handleValueCallback (dart:async/future_impl.dart:639:45)
#10     Future._propagateToListeners (dart:async/future_impl.dart:668:32)
#11     Future._complete (dart:async/future_impl.dart:473:7)
#12     _SyncCompleter.complete (dart:async/future_impl.dart:51:12)
#13     _AsyncAwaitCompleter.complete (dart:async-patch/async_patch.dart:28:18)
#14     _completeOnAsyncReturn (dart:async-patch/async_patch.dart:294:13)
#15     ApplicationPackageFactory.getPackageForPlatform (package:flutter_tools/src/application_package.dart)
#16     _asyncThenWrapperHelper.<anonymous closure> (dart:async-patch/async_patch.dart:77:64)
#17     _rootRunUnary (dart:async/zone.dart:1132:38)
#18     _CustomZone.runUnary (dart:async/zone.dart:1029:19)
#19     _FutureListener.handleValue (dart:async/future_impl.dart:126:18)
#20     Future._propagateToListeners.handleValueCallback (dart:async/future_impl.dart:639:45)
#21     Future._propagateToListeners (dart:async/future_impl.dart:668:32)
#22     Future._complete (dart:async/future_impl.dart:473:7)
#23     _SyncCompleter.complete (dart:async/future_impl.dart:51:12)
#24     _AsyncAwaitCompleter.complete (dart:async-patch/async_patch.dart:28:18)
#25     _completeOnAsyncReturn (dart:async-patch/async_patch.dart:294:13)
#26     FlutterProject.fromDirectory (package:flutter_tools/src/project.dart)
#27     _asyncThenWrapperHelper.<anonymous closure> (dart:async-patch/async_patch.dart:77:64)
#28     _rootRunUnary (dart:async/zone.dart:1132:38)
#29     _CustomZone.runUnary (dart:async/zone.dart:1029:19)
#30     _FutureListener.handleValue (dart:async/future_impl.dart:126:18)
#31     Future._propagateToListeners.handleValueCallback (dart:async/future_impl.dart:639:45)
#32     Future._propagateToListeners (dart:async/future_impl.dart:668:32)
#33     Future._complete (dart:async/future_impl.dart:473:7)
#34     _SyncCompleter.complete (dart:async/future_impl.dart:51:12)
#35     _AsyncAwaitCompleter.complete (dart:async-patch/async_patch.dart:28:18)
#36     _completeOnAsyncReturn (dart:async-patch/async_patch.dart:294:13)
#37     FlutterProject._readManifest (package:flutter_tools/src/project.dart)
#38     _asyncThenWrapperHelper.<anonymous closure> (dart:async-patch/async_patch.dart:77:64)
#39     _rootRunUnary (dart:async/zone.dart:1132:38)
#40     _CustomZone.runUnary (dart:async/zone.dart:1029:19)
#41     _FutureListener.handleValue (dart:async/future_impl.dart:126:18)
#42     Future._propagateToListeners.handleValueCallback (dart:async/future_impl.dart:639:45)
#43     Future._propagateToListeners (dart:async/future_impl.dart:668:32)
#44     Future._complete (dart:async/future_impl.dart:473:7)
#45     _SyncCompleter.complete (dart:async/future_impl.dart:51:12)
#46     _rootRunUnary (dart:async/zone.dart:1132:38)
#47     _CustomZone.runUnary (dart:async/zone.dart:1029:19)
#48     _FutureListener.handleValue (dart:async/future_impl.dart:126:18)
#49     Future._propagateToListeners.handleValueCallback (dart:async/future_impl.dart:639:45)
#50     Future._propagateToListeners (dart:async/future_impl.dart:668:32)
#51     Future._complete (dart:async/future_impl.dart:473:7)
#52     _SyncCompleter.complete (dart:async/future_impl.dart:51:12)
#53     _AsyncAwaitCompleter.complete.<anonymous closure> (dart:async-patch/async_patch.dart:33:20)
#54     _rootRun (dart:async/zone.dart:1124:13)
#55     _CustomZone.run (dart:async/zone.dart:1021:19)
#56     _CustomZone.bindCallback.<anonymous closure> (dart:async/zone.dart:947:23)
#57     _microtaskLoop (dart:async/schedule_microtask.dart:41:21)
#58     _startMicrotaskLoop (dart:async/schedule_microtask.dart:50:5)
#59     _runPendingImmediateCallback (dart:isolate-patch/isolate_patch.dart:115:13)
#60     _RawReceivePortImpl._handleMessage (dart:isolate-patch/isolate_patch.dart:172:5)
```

## flutter doctor

```
[32m[✓][39m Flutter (Channel stable, v1.5.4-hotfix.2, on Mac OS X 10.14.5 18F132, locale
    en-US)
    [32m•[39m Flutter version 1.5.4-hotfix.2 at /Users/karthick/flutter
    [32m•[39m Framework revision 7a4c33425d (3 months ago), 2019-04-29 11:05:24 -0700
    [32m•[39m Engine revision 52c7a1e849
    [32m•[39m Dart version 2.3.0 (build 2.3.0-dev.0.5 a1668566e5)

[33m[!][39m Android toolchain - develop for Android devices (Android SDK version 28.0.3)
    [32m•[39m Android SDK at /Users/karthick/Library/Android/sdk
    [32m•[39m Android NDK location not configured (optional; useful for native profiling
      support)
    [32m•[39m Platform android-28, build-tools 28.0.3
    [32m•[39m Java binary at: /Applications/Android
      Studio.app/Contents/jre/jdk/Contents/Home/bin/java
    [32m•[39m Java version OpenJDK Runtime Environment (build 1.8.0_152-release-1343-b01)
    [33m![39m Some Android licenses not accepted.  To resolve this, run: flutter doctor
      --android-licenses

[33m[!][39m iOS toolchain - develop for iOS devices (Xcode 10.3)
    [32m•[39m Xcode at /Applications/Xcode.app/Contents/Developer
    [32m•[39m Xcode 10.3, Build version 10G8
    [31m✗[39m libimobiledevice and ideviceinstaller are not installed. To install with Brew,
      run:
        brew update
        brew install --HEAD usbmuxd
        brew link usbmuxd
        brew install --HEAD libimobiledevice
        brew install ideviceinstaller
    [31m✗[39m ios-deploy not installed. To install:
        brew install ios-deploy
    [32m•[39m CocoaPods version 1.6.1

[33m[!][39m Android Studio (version 3.4)
    [32m•[39m Android Studio at /Applications/Android Studio.app/Contents
    [31m✗[39m Flutter plugin not installed; this adds Flutter specific functionality.
    [31m✗[39m Dart plugin not installed; this adds Dart specific functionality.
    [32m•[39m Java version OpenJDK Runtime Environment (build 1.8.0_152-release-1343-b01)

[32m[✓][39m VS Code (version 1.36.1)
    [32m•[39m VS Code at /Applications/Visual Studio Code.app/Contents
    [32m•[39m Flutter extension version 3.2.0

[32m[✓][39m Connected device (1 available)
    [32m•[39m iPhone Xʀ • 5A635CBF-3BC8-4BB5-9C2A-3D627C2D5B05 • ios •
      com.apple.CoreSimulator.SimRuntime.iOS-12-4 (simulator)

[33m![39m Doctor found issues in 3 categories.
```
